Assembler report for DE2Gen1x1If64
Mon Jun 26 01:23:30 2017
Quartus II 64-Bit Version 14.1.0 Build 186 12/03/2014 SJ Web Edition


---------------------
; Table of Contents ;
---------------------
  1. Legal Notice
  2. Assembler Summary
  3. Assembler Settings
  4. Assembler Encrypted IP Cores Summary
  5. Assembler Generated Files
  6. Assembler Device Options: DE2Gen1x1If64.sof
  7. Assembler Messages



----------------
; Legal Notice ;
----------------
Copyright (C) 1991-2014 Altera Corporation. All rights reserved.
Your use of Altera Corporation's design tools, logic functions 
and other software and tools, and its AMPP partner logic 
functions, and any output files from any of the foregoing 
(including device programming or simulation files), and any 
associated documentation or information are expressly subject 
to the terms and conditions of the Altera Program License 
Subscription Agreement, the Altera Quartus II License Agreement,
the Altera MegaCore Function License Agreement, or other 
applicable license agreement, including, without limitation, 
that your use is for the sole purpose of programming logic 
devices manufactured by Altera and sold by Altera or its 
authorized distributors.  Please refer to the applicable 
agreement for further details.



+---------------------------------------------------------------+
; Assembler Summary                                             ;
+-----------------------+---------------------------------------+
; Assembler Status      ; Successful - Mon Jun 26 01:23:30 2017 ;
; Revision Name         ; DE2Gen1x1If64                         ;
; Top-level Entity Name ; DE2Gen1x1If64                         ;
; Family                ; Cyclone IV GX                         ;
; Device                ; EP4CGX150DF31C7                       ;
+-----------------------+---------------------------------------+


+----------------------------------+
; Assembler Settings               ;
+--------+---------+---------------+
; Option ; Setting ; Default Value ;
+--------+---------+---------------+


+----------------------------------------------------------+
; Assembler Encrypted IP Cores Summary                     ;
+--------+----------------------------------+--------------+
; Vendor ; IP Core Name                     ; License Type ;
+--------+----------------------------------+--------------+
; Altera ; PCI_Express_Compiler (6AF7 FFFF) ; Licensed     ;
+--------+----------------------------------+--------------+


+---------------------------+
; Assembler Generated Files ;
+---------------------------+
; File Name                 ;
+---------------------------+
; DE2Gen1x1If64.sof         ;
+---------------------------+


+---------------------------------------------+
; Assembler Device Options: DE2Gen1x1If64.sof ;
+----------------+----------------------------+
; Option         ; Setting                    ;
+----------------+----------------------------+
; Device         ; EP4CGX150DF31C7            ;
; JTAG usercode  ; 0x012AE7FE                 ;
; Checksum       ; 0x012AE7FE                 ;
+----------------+----------------------------+


+--------------------+
; Assembler Messages ;
+--------------------+
Info: *******************************************************************
Info: Running Quartus II 64-Bit Assembler
    Info: Version 14.1.0 Build 186 12/03/2014 SJ Web Edition
    Info: Processing started: Mon Jun 26 01:23:19 2017
Info: Command: quartus_asm --read_settings_files=off --write_settings_files=off DE2Gen1x1If64 -c DE2Gen1x1If64
Info (115031): Writing out detailed assembly data for power analysis
Info (115030): Assembler is generating device programming files
Info: Quartus II 64-Bit Assembler was successful. 0 errors, 0 warnings
    Info: Peak virtual memory: 909 megabytes
    Info: Processing ended: Mon Jun 26 01:23:30 2017
    Info: Elapsed time: 00:00:11
    Info: Total CPU time (on all processors): 00:00:10


